This is pdfTeX, Version 3.141592653-2.6-1.40.25 (TeX Live 2023/Homebrew) (preloaded format=pdflatex 2023.3.21)  29 MAY 2023 10:29
entering extended mode
 restricted \write18 enabled.
 file:line:error style messages enabled.
 %&-line parsing enabled.
**/Users/teddy/Developer/Latex/ipp_os.tex
(/Users/teddy/Developer/Latex/ipp_os.tex
LaTeX2e <2022-11-01> patch level 1
L3 programming layer <2023-02-22> (/usr/local/Cellar/texlive/20230313/share/texmf-dist/tex/latex/base/article.cls
Document Class: article 2022/07/02 v1.4n Standard LaTeX document class
(/usr/local/Cellar/texlive/20230313/share/texmf-dist/tex/latex/base/size12.clo
File: size12.clo 2022/07/02 v1.4n Standard LaTeX file (size option)
)
\c@part=\count185
\c@section=\count186
\c@subsection=\count187
\c@subsubsection=\count188
\c@paragraph=\count189
\c@subparagraph=\count190
\c@figure=\count191
\c@table=\count192
\abovecaptionskip=\skip48
\belowcaptionskip=\skip49
\bibindent=\dimen140
) (/usr/local/Cellar/texlive/20230313/share/texmf-dist/tex/latex/graphics/graphicx.sty
Package: graphicx 2021/09/16 v1.2d Enhanced LaTeX Graphics (DPC,SPQR)
 (/usr/local/Cellar/texlive/20230313/share/texmf-dist/tex/latex/graphics/keyval.sty
Package: keyval 2022/05/29 v1.15 key=value parser (DPC)
\KV@toks@=\toks16
) (/usr/local/Cellar/texlive/20230313/share/texmf-dist/tex/latex/graphics/graphics.sty
Package: graphics 2022/03/10 v1.4e Standard LaTeX Graphics (DPC,SPQR)
 (/usr/local/Cellar/texlive/20230313/share/texmf-dist/tex/latex/graphics/trig.sty
Package: trig 2021/08/11 v1.11 sin cos tan (DPC)
) (/usr/local/Cellar/texlive/20230313/share/texmf-dist/tex/latex/graphics-cfg/graphics.cfg
File: graphics.cfg 2016/06/04 v1.11 sample graphics configuration
)
Package graphics Info: Driver file: pdftex.def on input line 107.
 (/usr/local/Cellar/texlive/20230313/share/texmf-dist/tex/latex/graphics-def/pdftex.def
File: pdftex.def 2022/09/22 v1.2b Graphics/color driver for pdftex
))
\Gin@req@height=\dimen141
\Gin@req@width=\dimen142
) (/usr/local/Cellar/texlive/20230313/share/texmf-dist/tex/latex/geometry/geometry.sty
Package: geometry 2020/01/02 v5.9 Page Geometry
 (/usr/local/Cellar/texlive/20230313/share/texmf-dist/tex/generic/iftex/ifvtex.sty
Package: ifvtex 2019/10/25 v1.7 ifvtex legacy package. Use iftex instead.
 (/usr/local/Cellar/texlive/20230313/share/texmf-dist/tex/generic/iftex/iftex.sty
Package: iftex 2022/02/03 v1.0f TeX engine tests
))
\Gm@cnth=\count193
\Gm@cntv=\count194
\c@Gm@tempcnt=\count195
\Gm@bindingoffset=\dimen143
\Gm@wd@mp=\dimen144
\Gm@odd@mp=\dimen145
\Gm@even@mp=\dimen146
\Gm@layoutwidth=\dimen147
\Gm@layoutheight=\dimen148
\Gm@layouthoffset=\dimen149
\Gm@layoutvoffset=\dimen150
\Gm@dimlist=\toks17
) (/usr/local/Cellar/texlive/20230313/share/texmf-dist/tex/latex/float/float.sty
Package: float 2001/11/08 v1.3d Float enhancements (AL)
\c@float@type=\count196
\float@exts=\toks18
\float@box=\box51
\@float@everytoks=\toks19
\@floatcapt=\box52
) (/usr/local/Cellar/texlive/20230313/share/texmf-dist/tex/latex/hyperref/hyperref.sty
Package: hyperref 2023-02-07 v7.00v Hypertext links for LaTeX
 (/usr/local/Cellar/texlive/20230313/share/texmf-dist/tex/generic/ltxcmds/ltxcmds.sty
Package: ltxcmds 2020-05-10 v1.25 LaTeX kernel commands for general use (HO)
) (/usr/local/Cellar/texlive/20230313/share/texmf-dist/tex/generic/pdftexcmds/pdftexcmds.sty
Package: pdftexcmds 2020-06-27 v0.33 Utility functions of pdfTeX for LuaTeX (HO)
 (/usr/local/Cellar/texlive/20230313/share/texmf-dist/tex/generic/infwarerr/infwarerr.sty
Package: infwarerr 2019/12/03 v1.5 Providing info/warning/error messages (HO)
)
Package pdftexcmds Info: \pdf@primitive is available.
Package pdftexcmds Info: \pdf@ifprimitive is available.
Package pdftexcmds Info: \pdfdraftmode found.
) (/usr/local/Cellar/texlive/20230313/share/texmf-dist/tex/latex/kvsetkeys/kvsetkeys.sty
Package: kvsetkeys 2022-10-05 v1.19 Key value parser (HO)
) (/usr/local/Cellar/texlive/20230313/share/texmf-dist/tex/generic/kvdefinekeys/kvdefinekeys.sty
Package: kvdefinekeys 2019-12-19 v1.6 Define keys (HO)
) (/usr/local/Cellar/texlive/20230313/share/texmf-dist/tex/generic/pdfescape/pdfescape.sty
Package: pdfescape 2019/12/09 v1.15 Implements pdfTeX's escape features (HO)
) (/usr/local/Cellar/texlive/20230313/share/texmf-dist/tex/latex/hycolor/hycolor.sty
Package: hycolor 2020-01-27 v1.10 Color options for hyperref/bookmark (HO)
) (/usr/local/Cellar/texlive/20230313/share/texmf-dist/tex/latex/letltxmacro/letltxmacro.sty
Package: letltxmacro 2019/12/03 v1.6 Let assignment for LaTeX macros (HO)
) (/usr/local/Cellar/texlive/20230313/share/texmf-dist/tex/latex/auxhook/auxhook.sty
Package: auxhook 2019-12-17 v1.6 Hooks for auxiliary files (HO)
) (/usr/local/Cellar/texlive/20230313/share/texmf-dist/tex/latex/hyperref/nameref.sty
Package: nameref 2022-05-17 v2.50 Cross-referencing by name of section
 (/usr/local/Cellar/texlive/20230313/share/texmf-dist/tex/latex/refcount/refcount.sty
Package: refcount 2019/12/15 v3.6 Data extraction from label references (HO)
) (/usr/local/Cellar/texlive/20230313/share/texmf-dist/tex/generic/gettitlestring/gettitlestring.sty
Package: gettitlestring 2019/12/15 v1.6 Cleanup title references (HO)
 (/usr/local/Cellar/texlive/20230313/share/texmf-dist/tex/latex/kvoptions/kvoptions.sty
Package: kvoptions 2022-06-15 v3.15 Key value format for package options (HO)
))
\c@section@level=\count197
)
\@linkdim=\dimen151
\Hy@linkcounter=\count198
\Hy@pagecounter=\count199
 (/usr/local/Cellar/texlive/20230313/share/texmf-dist/tex/latex/hyperref/pd1enc.def
File: pd1enc.def 2023-02-07 v7.00v Hyperref: PDFDocEncoding definition (HO)
Now handling font encoding PD1 ...
... no UTF-8 mapping file for font encoding PD1
) (/usr/local/Cellar/texlive/20230313/share/texmf-dist/tex/generic/intcalc/intcalc.sty
Package: intcalc 2019/12/15 v1.3 Expandable calculations with integers (HO)
) (/usr/local/Cellar/texlive/20230313/share/texmf-dist/tex/generic/etexcmds/etexcmds.sty
Package: etexcmds 2019/12/15 v1.7 Avoid name clashes with e-TeX commands (HO)
)
\Hy@SavedSpaceFactor=\count266
 (/usr/local/Cellar/texlive/20230313/share/texmf-dist/tex/latex/hyperref/puenc.def
File: puenc.def 2023-02-07 v7.00v Hyperref: PDF Unicode definition (HO)
Now handling font encoding PU ...
... no UTF-8 mapping file for font encoding PU
)
Package hyperref Info: Hyper figures OFF on input line 4177.
Package hyperref Info: Link nesting OFF on input line 4182.
Package hyperref Info: Hyper index ON on input line 4185.
Package hyperref Info: Plain pages OFF on input line 4192.
Package hyperref Info: Backreferencing OFF on input line 4197.
Package hyperref Info: Implicit mode ON; LaTeX internals redefined.
Package hyperref Info: Bookmarks ON on input line 4425.
\c@Hy@tempcnt=\count267
 (/usr/local/Cellar/texlive/20230313/share/texmf-dist/tex/latex/url/url.sty
\Urlmuskip=\muskip16
Package: url 2013/09/16  ver 3.4  Verb mode for urls, etc.
)
LaTeX Info: Redefining \url on input line 4763.
\XeTeXLinkMargin=\dimen152
 (/usr/local/Cellar/texlive/20230313/share/texmf-dist/tex/generic/bitset/bitset.sty
Package: bitset 2019/12/09 v1.3 Handle bit-vector datatype (HO)
 (/usr/local/Cellar/texlive/20230313/share/texmf-dist/tex/generic/bigintcalc/bigintcalc.sty
Package: bigintcalc 2019/12/15 v1.5 Expandable calculations on big integers (HO)
))
\Fld@menulength=\count268
\Field@Width=\dimen153
\Fld@charsize=\dimen154
Package hyperref Info: Hyper figures OFF on input line 6042.
Package hyperref Info: Link nesting OFF on input line 6047.
Package hyperref Info: Hyper index ON on input line 6050.
Package hyperref Info: backreferencing OFF on input line 6057.
Package hyperref Info: Link coloring OFF on input line 6062.
Package hyperref Info: Link coloring with OCG OFF on input line 6067.
Package hyperref Info: PDF/A mode OFF on input line 6072.
 (/usr/local/Cellar/texlive/20230313/share/texmf-dist/tex/latex/base/atbegshi-ltx.sty
Package: atbegshi-ltx 2021/01/10 v1.0c Emulation of the original atbegshi
package with kernel methods
)
\Hy@abspage=\count269
\c@Item=\count270
\c@Hfootnote=\count271
)
Package hyperref Info: Driver (autodetected): hpdftex.
 (/usr/local/Cellar/texlive/20230313/share/texmf-dist/tex/latex/hyperref/hpdftex.def
File: hpdftex.def 2023-02-07 v7.00v Hyperref driver for pdfTeX
 (/usr/local/Cellar/texlive/20230313/share/texmf-dist/tex/latex/base/atveryend-ltx.sty
Package: atveryend-ltx 2020/08/19 v1.0a Emulation of the original atveryend package
with kernel methods
)
\Fld@listcount=\count272
\c@bookmark@seq@number=\count273
 (/usr/local/Cellar/texlive/20230313/share/texmf-dist/tex/latex/rerunfilecheck/rerunfilecheck.sty
Package: rerunfilecheck 2022-07-10 v1.10 Rerun checks for auxiliary files (HO)
 (/usr/local/Cellar/texlive/20230313/share/texmf-dist/tex/generic/uniquecounter/uniquecounter.sty
Package: uniquecounter 2019/12/15 v1.4 Provide unlimited unique counter (HO)
)
Package uniquecounter Info: New unique counter `rerunfilecheck' on input line 285.
)
\Hy@SectionHShift=\skip50
) (/usr/local/Cellar/texlive/20230313/share/texmf-dist/tex/latex/biblatex/biblatex.sty
Package: biblatex 2023/03/05 v3.19 programmable bibliographies (PK/MW)
 (/usr/local/Cellar/texlive/20230313/share/texmf-dist/tex/latex/etoolbox/etoolbox.sty
Package: etoolbox 2020/10/05 v2.5k e-TeX tools for LaTeX (JAW)
\etb@tempcnta=\count274
) (/usr/local/Cellar/texlive/20230313/share/texmf-dist/tex/latex/logreq/logreq.sty
Package: logreq 2010/08/04 v1.0 xml request logger
\lrq@indent=\count275
 (/usr/local/Cellar/texlive/20230313/share/texmf-dist/tex/latex/logreq/logreq.def
File: logreq.def 2010/08/04 v1.0 logreq spec v1.0
)) (/usr/local/Cellar/texlive/20230313/share/texmf-dist/tex/latex/base/ifthen.sty
Package: ifthen 2022/04/13 v1.1d Standard LaTeX ifthen package (DPC)
)
\c@tabx@nest=\count276
\c@listtotal=\count277
\c@listcount=\count278
\c@liststart=\count279
\c@liststop=\count280
\c@citecount=\count281
\c@citetotal=\count282
\c@multicitecount=\count283
\c@multicitetotal=\count284
\c@instcount=\count285
\c@maxnames=\count286
\c@minnames=\count287
\c@maxitems=\count288
\c@minitems=\count289
\c@citecounter=\count290
\c@maxcitecounter=\count291
\c@savedcitecounter=\count292
\c@uniquelist=\count293
\c@uniquename=\count294
\c@refsection=\count295
\c@refsegment=\count296
\c@maxextratitle=\count297
\c@maxextratitleyear=\count298
\c@maxextraname=\count299
\c@maxextradate=\count300
\c@maxextraalpha=\count301
\c@abbrvpenalty=\count302
\c@highnamepenalty=\count303
\c@lownamepenalty=\count304
\c@maxparens=\count305
\c@parenlevel=\count306
\blx@tempcnta=\count307
\blx@tempcntb=\count308
\blx@tempcntc=\count309
\c@blx@maxsection=\count310
\blx@maxsegment@0=\count311
\blx@notetype=\count312
\blx@parenlevel@text=\count313
\blx@parenlevel@foot=\count314
\blx@sectionciteorder@0=\count315
\blx@sectionciteorderinternal@0=\count316
\blx@entrysetcounter=\count317
\blx@biblioinstance=\count318
\labelnumberwidth=\skip51
\labelalphawidth=\skip52
\biblabelsep=\skip53
\bibitemsep=\skip54
\bibnamesep=\skip55
\bibinitsep=\skip56
\bibparsep=\skip57
\bibhang=\skip58
\blx@bcfin=\read2
\blx@bcfout=\write3
\blx@langwohyphens=\language87
\c@mincomprange=\count319
\c@maxcomprange=\count320
\c@mincompwidth=\count321
Package biblatex Info: Trying to load biblatex default data model...
Package biblatex Info: ... file 'blx-dm.def' found.
 (/usr/local/Cellar/texlive/20230313/share/texmf-dist/tex/latex/biblatex/blx-dm.def
File: blx-dm.def 2023/03/05 v3.19 biblatex localization (PK/MW)
)
Package biblatex Info: Trying to load biblatex style data model...
Package biblatex Info: ... file 'mla.dbx' found.
 (/usr/local/Cellar/texlive/20230313/share/texmf-dist/tex/latex/biblatex-mla/mla.dbx
File: mla.dbx 2022/02/22 v2.1a biblatex citation style
)
Package biblatex Info: Trying to load biblatex custom data model...
Package biblatex Info: ... file 'biblatex-dm.cfg' not found.
\c@afterword=\count322
\c@savedafterword=\count323
\c@annotator=\count324
\c@savedannotator=\count325
\c@author=\count326
\c@savedauthor=\count327
\c@bookauthor=\count328
\c@savedbookauthor=\count329
\c@commentator=\count330
\c@savedcommentator=\count331
\c@editor=\count332
\c@savededitor=\count333
\c@editora=\count334
\c@savededitora=\count335
\c@editorb=\count336
\c@savededitorb=\count337
\c@editorc=\count338
\c@savededitorc=\count339
\c@foreword=\count340
\c@savedforeword=\count341
\c@holder=\count342
\c@savedholder=\count343
\c@introduction=\count344
\c@savedintroduction=\count345
\c@namea=\count346
\c@savednamea=\count347
\c@nameb=\count348
\c@savednameb=\count349
\c@namec=\count350
\c@savednamec=\count351
\c@translator=\count352
\c@savedtranslator=\count353
\c@shortauthor=\count354
\c@savedshortauthor=\count355
\c@shorteditor=\count356
\c@savedshorteditor=\count357
\c@labelname=\count358
\c@savedlabelname=\count359
\c@institution=\count360
\c@savedinstitution=\count361
\c@lista=\count362
\c@savedlista=\count363
\c@listb=\count364
\c@savedlistb=\count365
\c@listc=\count366
\c@savedlistc=\count367
\c@listd=\count368
\c@savedlistd=\count369
\c@liste=\count370
\c@savedliste=\count371
\c@listf=\count372
\c@savedlistf=\count373
\c@location=\count374
\c@savedlocation=\count375
\c@organization=\count376
\c@savedorganization=\count377
\c@origlocation=\count378
\c@savedoriglocation=\count379
\c@origpublisher=\count380
\c@savedorigpublisher=\count381
\c@publisher=\count382
\c@savedpublisher=\count383
\c@language=\count384
\c@savedlanguage=\count385
\c@origlanguage=\count386
\c@savedoriglanguage=\count387
\c@pageref=\count388
\c@savedpageref=\count389
\shorthandwidth=\skip59
\shortjournalwidth=\skip60
\shortserieswidth=\skip61
\shorttitlewidth=\skip62
\shortauthorwidth=\skip63
\shorteditorwidth=\skip64
\locallabelnumberwidth=\skip65
\locallabelalphawidth=\skip66
\localshorthandwidth=\skip67
\localshortjournalwidth=\skip68
\localshortserieswidth=\skip69
\localshorttitlewidth=\skip70
\localshortauthorwidth=\skip71
\localshorteditorwidth=\skip72
Package biblatex Info: Trying to load compatibility code...
Package biblatex Info: ... file 'blx-compat.def' found.
 (/usr/local/Cellar/texlive/20230313/share/texmf-dist/tex/latex/biblatex/blx-compat.def
File: blx-compat.def 2023/03/05 v3.19 biblatex compatibility (PK/MW)
)
Package biblatex Info: Trying to load generic definitions...
Package biblatex Info: ... file 'biblatex.def' found.
 (/usr/local/Cellar/texlive/20230313/share/texmf-dist/tex/latex/biblatex/biblatex.def
File: biblatex.def 2023/03/05 v3.19 biblatex compatibility (PK/MW)
\c@textcitecount=\count390
\c@textcitetotal=\count391
\c@textcitemaxnames=\count392
\c@biburlbigbreakpenalty=\count393
\c@biburlbreakpenalty=\count394
\c@biburlnumpenalty=\count395
\c@biburlucpenalty=\count396
\c@biburllcpenalty=\count397
\biburlbigskip=\muskip17
\biburlnumskip=\muskip18
\biburlucskip=\muskip19
\biburllcskip=\muskip20
\c@smartand=\count398
)
Package biblatex Info: Trying to load bibliography style 'mla'...
Package biblatex Info: ... file 'mla.bbx' found.
 (/usr/local/Cellar/texlive/20230313/share/texmf-dist/tex/latex/biblatex-mla/mla.bbx
File: mla.bbx 2022/02/22 v2.1a biblatex bibliography style
Package biblatex Info: Trying to load bibliography style 'mla-strict'...
Package biblatex Info: ... file 'mla-strict.bbx' found.
 (/usr/local/Cellar/texlive/20230313/share/texmf-dist/tex/latex/biblatex-mla/mla-strict.bbx
File: mla-strict.bbx 2022/02/22 v2.1a biblatex bibliography style
Package biblatex Info: Trying to load bibliography style 'standard'...
Package biblatex Info: ... file 'standard.bbx' found.
 (/usr/local/Cellar/texlive/20230313/share/texmf-dist/tex/latex/biblatex/bbx/standard.bbx
File: standard.bbx 2023/03/05 v3.19 biblatex bibliography style (PK/MW)
\c@bbx:relatedcount=\count399
\c@bbx:relatedtotal=\count400
)
Package biblatex Info: Delimiter 'andothersdelim' in context '' already defined, overwriting.
\c@containing=\count401
))
Package biblatex Info: Trying to load citation style 'mla'...
Package biblatex Info: ... file 'mla.cbx' found.
 (/usr/local/Cellar/texlive/20230313/share/texmf-dist/tex/latex/biblatex-mla/mla.cbx
File: mla.cbx 2022/02/22 v2.1a biblatex citation style
Package biblatex Info: Trying to load citation style 'mla-footnotes'...
Package biblatex Info: ... file 'mla-footnotes.cbx' found.
 (/usr/local/Cellar/texlive/20230313/share/texmf-dist/tex/latex/biblatex-mla/mla-footnotes.cbx
File: mla-footnotes.cbx 2022/02/22 v2.1a biblatex citation style
)
Package biblatex Info: Redefining '\parencite'.
Package biblatex Info: Redefining '\cite'.
Package biblatex Info: Redefining '\textcite'.
Package biblatex Info: Redefining '\footcite'.
Package biblatex Info: Redefining '\fullcite'.
Package biblatex Info: Redefining '\smartcite'.
Package biblatex Info: Redefining '\citeauthor'.
Package biblatex Info: Redefining '\citetitle'.
)
Package biblatex Info: Trying to load configuration file...
Package biblatex Info: ... file 'biblatex.cfg' found.
 (/usr/local/Cellar/texlive/20230313/share/texmf-dist/tex/latex/biblatex/biblatex.cfg
File: biblatex.cfg 
)
Package biblatex Info: Input encoding 'utf8' detected.
Package biblatex Info: Document encoding is UTF8 ....
 (/usr/local/Cellar/texlive/20230313/share/texmf-dist/tex/latex/l3kernel/expl3.sty
Package: expl3 2023-02-22 L3 programming layer (loader) 
 (/usr/local/Cellar/texlive/20230313/share/texmf-dist/tex/latex/l3backend/l3backend-pdftex.def
File: l3backend-pdftex.def 2023-01-16 L3 backend support: PDF output (pdfTeX)
\l__color_backend_stack_int=\count402
\l__pdf_internal_box=\box53
))
Package biblatex Info: ... and expl3
(biblatex)             2023-02-22 L3 programming layer (loader) 
(biblatex)             is new enough (at least 2020/04/06),
(biblatex)             setting 'casechanger=expl3'.
 (/usr/local/Cellar/texlive/20230313/share/texmf-dist/tex/latex/biblatex/blx-case-expl3.sty (/usr/local/Cellar/texlive/20230313/share/texmf-dist/tex/latex/l3packages/xparse/xparse.sty
Package: xparse 2023-02-02 L3 Experimental document command parser
)
Package: blx-case-expl3 2023/03/05 v3.19 expl3 case changing code for biblatex
))
\@quotelevel=\count403
\@quotereset=\count404
 (./ipp_os.aux)
\openout1 = `ipp_os.aux'.

LaTeX Font Info:    Checking defaults for OML/cmm/m/it on input line 21.
LaTeX Font Info:    ... okay on input line 21.
LaTeX Font Info:    Checking defaults for OMS/cmsy/m/n on input line 21.
LaTeX Font Info:    ... okay on input line 21.
LaTeX Font Info:    Checking defaults for OT1/cmr/m/n on input line 21.
LaTeX Font Info:    ... okay on input line 21.
LaTeX Font Info:    Checking defaults for T1/cmr/m/n on input line 21.
LaTeX Font Info:    ... okay on input line 21.
LaTeX Font Info:    Checking defaults for TS1/cmr/m/n on input line 21.
LaTeX Font Info:    ... okay on input line 21.
LaTeX Font Info:    Checking defaults for OMX/cmex/m/n on input line 21.
LaTeX Font Info:    ... okay on input line 21.
LaTeX Font Info:    Checking defaults for U/cmr/m/n on input line 21.
LaTeX Font Info:    ... okay on input line 21.
LaTeX Font Info:    Checking defaults for PD1/pdf/m/n on input line 21.
LaTeX Font Info:    ... okay on input line 21.
LaTeX Font Info:    Checking defaults for PU/pdf/m/n on input line 21.
LaTeX Font Info:    ... okay on input line 21.
 (/usr/local/Cellar/texlive/20230313/share/texmf-dist/tex/context/base/mkii/supp-pdf.mkii
[Loading MPS to PDF converter (version 2006.09.02).]
\scratchcounter=\count405
\scratchdimen=\dimen155
\scratchbox=\box54
\nofMPsegments=\count406
\nofMParguments=\count407
\everyMPshowfont=\toks20
\MPscratchCnt=\count408
\MPscratchDim=\dimen156
\MPnumerator=\count409
\makeMPintoPDFobject=\count410
\everyMPtoPDFconversion=\toks21
) (/usr/local/Cellar/texlive/20230313/share/texmf-dist/tex/latex/epstopdf-pkg/epstopdf-base.sty
Package: epstopdf-base 2020-01-24 v2.11 Base part for package epstopdf
Package epstopdf-base Info: Redefining graphics rule for `.eps' on input line 485.
 (/usr/local/Cellar/texlive/20230313/share/texmf-dist/tex/latex/latexconfig/epstopdf-sys.cfg
File: epstopdf-sys.cfg 2010/07/13 v1.3 Configuration of (r)epstopdf for TeX Live
))
*geometry* driver: auto-detecting
*geometry* detected driver: pdftex
*geometry* verbose mode - [ preamble ] result:
* driver: pdftex
* paper: letterpaper
* layout: <same size as paper>
* layoutoffset:(h,v)=(0.0pt,0.0pt)
* modes: 
* h-part:(L,W,R)=(85.35826pt, 443.57848pt, 85.35826pt)
* v-part:(T,H,B)=(85.35826pt, 624.25346pt, 85.35826pt)
* \paperwidth=614.295pt
* \paperheight=794.96999pt
* \textwidth=443.57848pt
* \textheight=624.25346pt
* \oddsidemargin=13.08827pt
* \evensidemargin=13.08827pt
* \topmargin=-23.91173pt
* \headheight=12.0pt
* \headsep=25.0pt
* \topskip=12.0pt
* \footskip=30.0pt
* \marginparwidth=44.0pt
* \marginparsep=10.0pt
* \columnsep=10.0pt
* \skip\footins=10.8pt plus 4.0pt minus 2.0pt
* \hoffset=0.0pt
* \voffset=0.0pt
* \mag=1000
* \@twocolumnfalse
* \@twosidefalse
* \@mparswitchfalse
* \@reversemarginfalse
* (1in=72.27pt=25.4mm, 1cm=28.453pt)

Package hyperref Info: Link coloring OFF on input line 21.
(./ipp_os.out) (./ipp_os.out)
\@outlinefile=\write4
\openout4 = `ipp_os.out'.

Package biblatex Info: Trying to load language 'english' -> 'english-mla'...
Package biblatex Info: ... file 'english-mla.lbx' found.
 (/usr/local/Cellar/texlive/20230313/share/texmf-dist/tex/latex/biblatex-mla/english-mla.lbx
File: english-mla.lbx 2022/02/22 v2.1a biblatex style localization
Package biblatex Info: Trying to load language 'english'...
Package biblatex Info: ... file 'english.lbx' found.
 (/usr/local/Cellar/texlive/20230313/share/texmf-dist/tex/latex/biblatex/lbx/english.lbx
File: english.lbx 2023/03/05 v3.19 biblatex localization (PK/MW)
)
Package biblatex Info: Trying to load language 'english'...
Package biblatex Info: ... file 'english.lbx' found.
 (/usr/local/Cellar/texlive/20230313/share/texmf-dist/tex/latex/biblatex/lbx/english.lbx
File: english.lbx 2023/03/05 v3.19 biblatex localization (PK/MW)
))
Package biblatex Info: Input encoding 'utf8' detected.
Package biblatex Info: Automatic encoding selection.
(biblatex)             Assuming data encoding 'utf8'.
\openout3 = `ipp_os.bcf'.

Package biblatex Info: Trying to load bibliographic data...
Package biblatex Info: ... file 'ipp_os.bbl' found.
 (./ipp_os.bbl)
Package biblatex Info: Reference section=0 on input line 21.
Package biblatex Info: Reference segment=0 on input line 21.
LaTeX Font Info:    External font `cmex10' loaded for size
(Font)              <14.4> on input line 24.
LaTeX Font Info:    External font `cmex10' loaded for size
(Font)              <7> on input line 24.
 [1

{/usr/local/Cellar/texlive/20230313/share/texmf-dist/fonts/map/pdftex/updmap/pdftex.map}]
</Users/teddy/Developer/Latex/images/paging.png, id=80, 541.02126pt x 518.93875pt>
File: /Users/teddy/Developer/Latex/images/paging.png Graphic file (type png)
<use /Users/teddy/Developer/Latex/images/paging.png>
Package pdftex.def Info: /Users/teddy/Developer/Latex/images/paging.png  used on input line 56.
(pdftex.def)             Requested size: 332.68385pt x 319.1098pt.
 [2 </Users/teddy/Developer/Latex/images/paging.png>]
</Users/teddy/Developer/Latex/images/vga_buffer.png, id=88, 488.82625pt x 394.47375pt>
File: /Users/teddy/Developer/Latex/images/vga_buffer.png Graphic file (type png)
<use /Users/teddy/Developer/Latex/images/vga_buffer.png>
Package pdftex.def Info: /Users/teddy/Developer/Latex/images/vga_buffer.png  used on input line 75.
(pdftex.def)             Requested size: 332.68385pt x 268.47334pt.
 [3 </Users/teddy/Developer/Latex/images/vga_buffer.png>] [4]
LaTeX Font Info:    Trying to load font information for TS1+cmss on input line 124.
 (/usr/local/Cellar/texlive/20230313/share/texmf-dist/tex/latex/base/ts1cmss.fd
File: ts1cmss.fd 2022/07/10 v2.5l Standard LaTeX font definitions
)
</Users/teddy/Developer/Latex/images/cpu.png, id=99, 2107.875pt x 1626.075pt>
File: /Users/teddy/Developer/Latex/images/cpu.png Graphic file (type png)
<use /Users/teddy/Developer/Latex/images/cpu.png>
Package pdftex.def Info: /Users/teddy/Developer/Latex/images/cpu.png  used on input line 135.
(pdftex.def)             Requested size: 332.68385pt x 256.62921pt.
 [5{/usr/local/Cellar/texlive/20230313/share/texmf-dist/fonts/enc/dvips/cm-super/cm-super-ts1.enc}] [6 </Users/teddy/Developer/Latex/images/cpu.png>]
</Users/teddy/Developer/Latex/images/stack.png, id=115, 876.27374pt x 549.05125pt>
File: /Users/teddy/Developer/Latex/images/stack.png Graphic file (type png)
<use /Users/teddy/Developer/Latex/images/stack.png>
Package pdftex.def Info: /Users/teddy/Developer/Latex/images/stack.png  used on input line 159.
(pdftex.def)             Requested size: 332.68385pt x 208.44894pt.
 [7 </Users/teddy/Developer/Latex/images/stack.png>]
LaTeX Font Info:    Font shape `OT1/cmss/m/it' in size <12> not available
(Font)              Font shape `OT1/cmss/m/sl' tried instead on input line 207.
</Users/teddy/Developer/Latex/images/mem1.png, id=125, 1024.82875pt x 565.11125pt>
File: /Users/teddy/Developer/Latex/images/mem1.png Graphic file (type png)
<use /Users/teddy/Developer/Latex/images/mem1.png>
Package pdftex.def Info: /Users/teddy/Developer/Latex/images/mem1.png  used on input line 213.
(pdftex.def)             Requested size: 443.57848pt x 244.59695pt.
 [8 </Users/teddy/Developer/Latex/images/mem1.png>]
</Users/teddy/Developer/Latex/images/mem2.png, id=134, 1024.82875pt x 192.72pt>
File: /Users/teddy/Developer/Latex/images/mem2.png Graphic file (type png)
<use /Users/teddy/Developer/Latex/images/mem2.png>
Package pdftex.def Info: /Users/teddy/Developer/Latex/images/mem2.png  used on input line 223.
(pdftex.def)             Requested size: 443.57848pt x 83.41493pt.
</Users/teddy/Developer/Latex/images/mem3.png, id=136, 1024.82875pt x 234.8775pt>
File: /Users/teddy/Developer/Latex/images/mem3.png Graphic file (type png)
<use /Users/teddy/Developer/Latex/images/mem3.png>
Package pdftex.def Info: /Users/teddy/Developer/Latex/images/mem3.png  used on input line 236.
(pdftex.def)             Requested size: 443.57848pt x 101.66196pt.
</Users/teddy/Developer/Latex/images/mem4.png, id=138, 825.0825pt x 180.675pt>
File: /Users/teddy/Developer/Latex/images/mem4.png Graphic file (type png)
<use /Users/teddy/Developer/Latex/images/mem4.png>
Package pdftex.def Info: /Users/teddy/Developer/Latex/images/mem4.png  used on input line 262.
(pdftex.def)             Requested size: 443.57848pt x 97.13571pt.
 [9 </Users/teddy/Developer/Latex/images/mem2.png> </Users/teddy/Developer/Latex/images/mem3.png>]
</Users/teddy/Developer/Latex/images/mem5.png, id=148, 1024.82875pt x 441.65pt>
File: /Users/teddy/Developer/Latex/images/mem5.png Graphic file (type png)
<use /Users/teddy/Developer/Latex/images/mem5.png>
Package pdftex.def Info: /Users/teddy/Developer/Latex/images/mem5.png  used on input line 275.
(pdftex.def)             Requested size: 443.57848pt x 191.15924pt.
</Users/teddy/Developer/Latex/images/mem6.png, id=149, 1024.82875pt x 205.76875pt>
File: /Users/teddy/Developer/Latex/images/mem6.png Graphic file (type png)
<use /Users/teddy/Developer/Latex/images/mem6.png>
Package pdftex.def Info: /Users/teddy/Developer/Latex/images/mem6.png  used on input line 286.
(pdftex.def)             Requested size: 443.57848pt x 89.06282pt.
 [10 </Users/teddy/Developer/Latex/images/mem4.png> </Users/teddy/Developer/Latex/images/mem5.png>]
</Users/teddy/Developer/Latex/images/mem7.png, id=157, 1024.82875pt x 313.17pt>
File: /Users/teddy/Developer/Latex/images/mem7.png Graphic file (type png)
<use /Users/teddy/Developer/Latex/images/mem7.png>
Package pdftex.def Info: /Users/teddy/Developer/Latex/images/mem7.png  used on input line 297.
(pdftex.def)             Requested size: 443.57848pt x 135.54929pt.
</Users/teddy/Developer/Latex/images/mem8.png, id=158, 1024.82875pt x 592.2125pt>
File: /Users/teddy/Developer/Latex/images/mem8.png Graphic file (type png)
<use /Users/teddy/Developer/Latex/images/mem8.png>
Package pdftex.def Info: /Users/teddy/Developer/Latex/images/mem8.png  used on input line 312.
(pdftex.def)             Requested size: 443.57848pt x 256.32718pt.
 [11 </Users/teddy/Developer/Latex/images/mem6.png> </Users/teddy/Developer/Latex/images/mem7.png>] [12 </Users/teddy/Developer/Latex/images/mem8.png>] [13] (./ipp_os.aux)
Package rerunfilecheck Info: File `ipp_os.out' has not changed.
(rerunfilecheck)             Checksum: 167D4D44515DA88A6303DBC3A2F1B56A;2770.
Package logreq Info: Writing requests to 'ipp_os.run.xml'.
\openout1 = `ipp_os.run.xml'.

 ) 
Here is how much of TeX's memory you used:
 16986 strings out of 476025
 309618 string characters out of 5781531
 1857388 words of memory out of 5000000
 37221 multiletter control sequences out of 15000+600000
 516308 words of font info for 45 fonts, out of 8000000 for 9000
 1141 hyphenation exceptions out of 8191
 75i,6n,76p,811b,2645s stack positions out of 10000i,1000n,20000p,200000b,200000s
</usr/local/Cellar/texlive/20230313/share/texmf-dist/fonts/type1/public/amsfonts/cm/cmss12.pfb></usr/local/Cellar/texlive/20230313/share/texmf-dist/fonts/type1/public/amsfonts/cm/cmss17.pfb></usr/local/Cellar/texlive/20230313/share/texmf-dist/fonts/type1/public/amsfonts/cm/cmssbx10.pfb></usr/local/Cellar/texlive/20230313/share/texmf-dist/fonts/type1/public/amsfonts/cm/cmssi12.pfb></usr/local/Cellar/texlive/20230313/share/texmf-dist/fonts/type1/public/cm-super/sfss1200.pfb>
Output written on ipp_os.pdf (13 pages, 905978 bytes).
PDF statistics:
 217 PDF objects out of 1000 (max. 8388607)
 166 compressed objects within 2 object streams
 48 named destinations out of 1000 (max. 500000)
 197 words of extra memory for PDF output out of 10000 (max. 10000000)

